<?xml version="1.0" encoding="UTF-8"?>
<!-- Generated by org.testng.reporters.JUnitReportReporter -->
<testsuite hostname="DESKTOP-TIC5DM4" failures="0" tests="3" name="tests.SearchTest" time="68.932" errors="0" timestamp="2024-06-21T16:37:42 IST" skipped="0">
  <testcase classname="tests.SearchTest" name="test1" time="31.982"/>
  <system-out/>
  <testcase classname="tests.SearchTest" name="sampleTest" time="15.077"/>
  <system-out/>
  <testcase classname="tests.SearchTest" name="test2" time="21.873"/>
  <system-out/>
</testsuite> <!-- tests.SearchTest -->
