<?xml version="1.0" encoding="UTF-8"?>
<!-- Generated by org.testng.reporters.JUnitReportReporter -->
<testsuite hostname="DESKTOP-TIC5DM4" failures="0" tests="1" name="tests.BaseClass" time="37.109" errors="0" timestamp="2024-06-21T15:46:16 IST" skipped="0">
  <testcase classname="tests.BaseClass" name="sampleTest" time="37.109"/>
  <system-out/>
</testsuite> <!-- tests.BaseClass -->
